TN:
SF:/Users/secoalba/Documents/PROGRAMACION/BLOCKCHAIN_DEV/SOLIDITY/SECURITY/AUDIT/PRIVATE/Portals-local/lib/openzeppelin-contracts/contracts/interfaces/IERC165.sol
DA:1,0
end_of_record

SF:/Users/secoalba/Documents/PROGRAMACION/BLOCKCHAIN_DEV/SOLIDITY/SECURITY/AUDIT/PRIVATE/Portals-local/lib/openzeppelin-contracts/contracts/interfaces/IERC4906.sol
end_of_record

SF:/Users/secoalba/Documents/PROGRAMACION/BLOCKCHAIN_DEV/SOLIDITY/SECURITY/AUDIT/PRIVATE/Portals-local/lib/openzeppelin-contracts/contracts/interfaces/IERC5267.sol
end_of_record

SF:/Users/secoalba/Documents/PROGRAMACION/BLOCKCHAIN_DEV/SOLIDITY/SECURITY/AUDIT/PRIVATE/Portals-local/lib/openzeppelin-contracts/contracts/interfaces/IERC721.sol
end_of_record

SF:/Users/secoalba/Documents/PROGRAMACION/BLOCKCHAIN_DEV/SOLIDITY/SECURITY/AUDIT/PRIVATE/Portals-local/lib/openzeppelin-contracts/contracts/security/ReentrancyGuard.sol
DA:34,0
DA:35,0
DA:40,0
DA:51,0
DA:53,1
DA:56,0
DA:58,0
DA:61,0
DA:64,0
DA:67,0
end_of_record

SF:/Users/secoalba/Documents/PROGRAMACION/BLOCKCHAIN_DEV/SOLIDITY/SECURITY/AUDIT/PRIVATE/Portals-local/lib/openzeppelin-contracts/contracts/token/ERC20/ERC20.sol
DA:38,0
DA:54,0
DA:55,0
DA:56,0
DA:62,0
DA:63,0
DA:70,0
DA:71,0
DA:87,0
DA:88,0
DA:94,0
DA:95,0
DA:101,0
DA:102,0
DA:113,0
DA:115,0
DA:122,0
DA:123,0
DA:136,0
DA:138,0
DA:139,0
DA:158,0
DA:160,0
DA:161,0
DA:162,0
DA:177,0
DA:179,0
DA:197,0
DA:199,0
DA:200,0
DA:202,0
DA:222,0
DA:223,0
DA:224,0
DA:228,0
DA:229,0
DA:231,0
DA:234,0
DA:237,0
DA:239,0
DA:251,0
DA:252,0
DA:256,0
DA:259,0
DA:261,0
DA:277,0
DA:278,0
DA:282,0
DA:283,0
DA:285,0
DA:287,0
DA:290,0
DA:308,0
DA:309,0
DA:310,0
DA:312,0
DA:313,0
DA:324,0
DA:325,0
DA:326,0
DA:327,0
DA:329,0
DA:348,0
end_of_record

SF:/Users/secoalba/Documents/PROGRAMACION/BLOCKCHAIN_DEV/SOLIDITY/SECURITY/AUDIT/PRIVATE/Portals-local/lib/openzeppelin-contracts/contracts/token/ERC20/IERC20.sol
end_of_record

SF:/Users/secoalba/Documents/PROGRAMACION/BLOCKCHAIN_DEV/SOLIDITY/SECURITY/AUDIT/PRIVATE/Portals-local/lib/openzeppelin-contracts/contracts/token/ERC20/extensions/ERC20Burnable.sol
DA:20,0
DA:21,0
DA:35,0
DA:36,0
DA:37,0
end_of_record

SF:/Users/secoalba/Documents/PROGRAMACION/BLOCKCHAIN_DEV/SOLIDITY/SECURITY/AUDIT/PRIVATE/Portals-local/lib/openzeppelin-contracts/contracts/token/ERC20/extensions/ERC20Permit.sol
DA:29,0
DA:49,0
DA:57,0
DA:58,0
DA:60,0
DA:62,0
DA:64,0
DA:65,0
DA:67,0
DA:73,0
DA:74,0
DA:81,0
DA:82,0
DA:90,0
DA:91,0
DA:93,0
end_of_record

SF:/Users/secoalba/Documents/PROGRAMACION/BLOCKCHAIN_DEV/SOLIDITY/SECURITY/AUDIT/PRIVATE/Portals-local/lib/openzeppelin-contracts/contracts/token/ERC20/extensions/IERC20Metadata.sol
end_of_record

SF:/Users/secoalba/Documents/PROGRAMACION/BLOCKCHAIN_DEV/SOLIDITY/SECURITY/AUDIT/PRIVATE/Portals-local/lib/openzeppelin-contracts/contracts/token/ERC20/extensions/IERC20Permit.sol
end_of_record

SF:/Users/secoalba/Documents/PROGRAMACION/BLOCKCHAIN_DEV/SOLIDITY/SECURITY/AUDIT/PRIVATE/Portals-local/lib/openzeppelin-contracts/contracts/token/ERC20/utils/SafeERC20.sol
DA:19,0
DA:26,0
DA:27,0
DA:34,0
DA:35,0
DA:60,0
DA:61,0
DA:62,0
DA:117,0
DA:122,0
DA:123,0
end_of_record

SF:/Users/secoalba/Documents/PROGRAMACION/BLOCKCHAIN_DEV/SOLIDITY/SECURITY/AUDIT/PRIVATE/Portals-local/lib/openzeppelin-contracts/contracts/token/ERC721/ERC721.sol
DA:19,0
DA:44,0
DA:45,0
DA:46,0
DA:52,0
DA:53,0
DA:54,0
DA:55,0
DA:56,0
DA:62,0
DA:63,0
DA:64,0
DA:70,0
DA:72,0
DA:79,0
DA:80,0
DA:86,0
DA:87,0
DA:93,0
DA:94,0
DA:96,0
DA:97,0
DA:105,0
DA:106,0
DA:112,0
DA:113,0
DA:114,0
DA:116,0
DA:117,0
DA:121,0
DA:127,0
DA:128,0
DA:130,0
DA:136,0
DA:137,0
DA:143,0
DA:144,0
DA:150,0
DA:152,0
DA:154,0
DA:160,0
DA:161,0
DA:167,0
DA:168,0
DA:169,0
DA:190,0
DA:191,0
DA:192,0
DA:198,0
DA:199,0
DA:210,0
DA:211,0
DA:221,0
DA:222,0
DA:223,0
DA:236,0
DA:237,0
DA:244,0
DA:245,0
DA:246,0
DA:247,0
DA:264,0
DA:265,0
DA:266,0
DA:271,0
DA:278,0
DA:281,0
DA:283,0
DA:299,0
DA:300,0
DA:305,0
DA:308,0
DA:313,0
DA:315,0
DA:317,0
DA:333,0
DA:334,0
DA:335,0
DA:340,0
DA:343,0
DA:351,0
DA:352,0
DA:354,0
DA:356,0
DA:366,0
DA:367,0
DA:368,0
DA:376,0
DA:377,0
DA:378,0
DA:379,0
DA:385,0
DA:386,0
DA:399,0
DA:404,0
DA:405,0
DA:406,0
DA:407,0
DA:409,0
DA:410,0
DA:414,0
DA:419,0
end_of_record

SF:/Users/secoalba/Documents/PROGRAMACION/BLOCKCHAIN_DEV/SOLIDITY/SECURITY/AUDIT/PRIVATE/Portals-local/lib/openzeppelin-contracts/contracts/token/ERC721/IERC721.sol
end_of_record

SF:/Users/secoalba/Documents/PROGRAMACION/BLOCKCHAIN_DEV/SOLIDITY/SECURITY/AUDIT/PRIVATE/Portals-local/lib/openzeppelin-contracts/contracts/token/ERC721/IERC721Receiver.sol
end_of_record

SF:/Users/secoalba/Documents/PROGRAMACION/BLOCKCHAIN_DEV/SOLIDITY/SECURITY/AUDIT/PRIVATE/Portals-local/lib/openzeppelin-contracts/contracts/token/ERC721/extensions/ERC721URIStorage.sol
DA:21,0
DA:22,0
DA:28,0
DA:29,0
DA:31,0
DA:32,0
DA:35,0
DA:36,0
DA:39,0
DA:40,0
DA:43,0
DA:55,0
DA:56,0
DA:57,0
DA:59,0
DA:67,0
DA:68,0
DA:70,0
DA:71,0
end_of_record

SF:/Users/secoalba/Documents/PROGRAMACION/BLOCKCHAIN_DEV/SOLIDITY/SECURITY/AUDIT/PRIVATE/Portals-local/lib/openzeppelin-contracts/contracts/token/ERC721/extensions/IERC721Metadata.sol
end_of_record

SF:/Users/secoalba/Documents/PROGRAMACION/BLOCKCHAIN_DEV/SOLIDITY/SECURITY/AUDIT/PRIVATE/Portals-local/lib/openzeppelin-contracts/contracts/utils/Address.sol
DA:9,0
DA:45,0
DA:99,0
DA:103,0
DA:104,0
DA:128,0
DA:135,0
DA:136,0
DA:195,0
DA:200,0
DA:201,0
DA:202,0
DA:205,0
DA:207,0
DA:209,0
DA:233,0
DA:237,0
DA:238,0
DA:241,0
end_of_record

SF:/Users/secoalba/Documents/PROGRAMACION/BLOCKCHAIN_DEV/SOLIDITY/SECURITY/AUDIT/PRIVATE/Portals-local/lib/openzeppelin-contracts/contracts/utils/Context.sol
DA:18,0
end_of_record

SF:/Users/secoalba/Documents/PROGRAMACION/BLOCKCHAIN_DEV/SOLIDITY/SECURITY/AUDIT/PRIVATE/Portals-local/lib/openzeppelin-contracts/contracts/utils/Counters.sol
DA:14,0
DA:22,0
DA:23,0
DA:28,0
end_of_record

SF:/Users/secoalba/Documents/PROGRAMACION/BLOCKCHAIN_DEV/SOLIDITY/SECURITY/AUDIT/PRIVATE/Portals-local/lib/openzeppelin-contracts/contracts/utils/ShortStrings.sol
DA:40,0
DA:42,0
DA:52,0
DA:53,0
DA:54,0
DA:55,0
DA:57,0
DA:63,0
DA:64,0
DA:66,0
DA:69,0
DA:70,0
DA:78,0
DA:79,0
DA:80,0
DA:81,0
DA:89,0
DA:90,0
DA:91,0
DA:93,0
DA:101,0
DA:102,0
DA:103,0
DA:105,0
end_of_record

SF:/Users/secoalba/Documents/PROGRAMACION/BLOCKCHAIN_DEV/SOLIDITY/SECURITY/AUDIT/PRIVATE/Portals-local/lib/openzeppelin-contracts/contracts/utils/StorageSlot.sol
DA:34,0
end_of_record

SF:/Users/secoalba/Documents/PROGRAMACION/BLOCKCHAIN_DEV/SOLIDITY/SECURITY/AUDIT/PRIVATE/Portals-local/lib/openzeppelin-contracts/contracts/utils/Strings.sol
DA:12,0
DA:19,0
DA:21,0
DA:22,0
DA:26,0
DA:28,0
DA:29,0
DA:32,0
DA:34,0
DA:35,0
DA:37,0
end_of_record

SF:/Users/secoalba/Documents/PROGRAMACION/BLOCKCHAIN_DEV/SOLIDITY/SECURITY/AUDIT/PRIVATE/Portals-local/lib/openzeppelin-contracts/contracts/utils/cryptography/ECDSA.sol
DA:14,0
DA:23,0
DA:24,0
DA:26,0
DA:27,0
DA:28,0
DA:29,0
DA:30,0
DA:31,0
DA:124,0
DA:134,0
DA:135,0
DA:139,0
DA:140,0
DA:141,0
DA:144,0
DA:151,0
DA:152,0
DA:153,0
DA:154,0
DA:197,0
DA:200,0
DA:201,0
DA:202,0
DA:203,0
DA:204,0
end_of_record

SF:/Users/secoalba/Documents/PROGRAMACION/BLOCKCHAIN_DEV/SOLIDITY/SECURITY/AUDIT/PRIVATE/Portals-local/lib/openzeppelin-contracts/contracts/utils/cryptography/EIP712.sol
DA:39,0
DA:67,0
DA:68,0
DA:69,0
DA:70,0
DA:71,0
DA:73,0
DA:74,0
DA:75,0
DA:81,0
DA:82,0
DA:83,0
DA:85,0
DA:89,0
DA:90,0
DA:108,0
DA:109,0
DA:117,0
DA:123,0
DA:124,0
DA:132,0
DA:134,0
DA:135,0
DA:136,0
DA:137,0
DA:138,0
DA:139,0
end_of_record

SF:/Users/secoalba/Documents/PROGRAMACION/BLOCKCHAIN_DEV/SOLIDITY/SECURITY/AUDIT/PRIVATE/Portals-local/lib/openzeppelin-contracts/contracts/utils/introspection/ERC165.sol
DA:26,0
DA:27,0
end_of_record

SF:/Users/secoalba/Documents/PROGRAMACION/BLOCKCHAIN_DEV/SOLIDITY/SECURITY/AUDIT/PRIVATE/Portals-local/lib/openzeppelin-contracts/contracts/utils/introspection/IERC165.sol
end_of_record

SF:/Users/secoalba/Documents/PROGRAMACION/BLOCKCHAIN_DEV/SOLIDITY/SECURITY/AUDIT/PRIVATE/Portals-local/lib/openzeppelin-contracts/contracts/utils/math/Math.sol
DA:9,0
DA:252,0
DA:255,0
DA:256,0
DA:257,0
DA:259,0
DA:260,0
DA:261,0
DA:263,0
DA:264,0
DA:265,0
DA:267,0
DA:268,0
DA:269,0
DA:271,0
DA:272,0
DA:273,0
DA:275,0
DA:276,0
DA:277,0
DA:279,0
DA:280,0
DA:283,0
end_of_record

SF:/Users/secoalba/Documents/PROGRAMACION/BLOCKCHAIN_DEV/SOLIDITY/SECURITY/AUDIT/PRIVATE/Portals-local/lib/openzeppelin-contracts/contracts/utils/math/SignedMath.sol
DA:9,0
end_of_record

SF:/Users/secoalba/Documents/PROGRAMACION/BLOCKCHAIN_DEV/SOLIDITY/SECURITY/AUDIT/PRIVATE/Portals-local/src/V2MultiAsset/Echidna/Account.sol
DA:4,0
end_of_record

SF:/Users/secoalba/Documents/PROGRAMACION/BLOCKCHAIN_DEV/SOLIDITY/SECURITY/AUDIT/PRIVATE/Portals-local/src/V2MultiAsset/Echidna/Debugger.sol
DA:8,0
end_of_record

SF:/Users/secoalba/Documents/PROGRAMACION/BLOCKCHAIN_DEV/SOLIDITY/SECURITY/AUDIT/PRIVATE/Portals-local/src/V2MultiAsset/Echidna/Echidna2PortalV2.sol
DA:9,38
DA:14,0
DA:16,0
DA:20,0
DA:21,0
DA:25,0
DA:26,0
DA:27,0
DA:30,0
DA:31,0
DA:33,0
DA:36,0
DA:37,0
DA:39,0
DA:41,0
DA:50,0
DA:51,0
DA:52,0
DA:59,0
DA:62,0
DA:65,0
DA:66,0
DA:67,0
DA:69,0
DA:74,0
DA:83,0
DA:90,0
DA:92,0
DA:93,0
DA:99,0
DA:103,0
DA:104,0
DA:105,0
DA:106,0
DA:110,0
DA:111,0
DA:112,0
DA:113,0
DA:116,0
DA:117,0
DA:118,0
DA:119,0
DA:122,0
DA:123,0
DA:124,0
DA:125,0
DA:129,5
DA:130,3
DA:131,38
DA:132,48
DA:133,0
DA:134,0
DA:137,0
DA:141,5
DA:142,3
DA:143,38
DA:144,48
DA:145,0
DA:146,0
DA:152,0
end_of_record

SF:/Users/secoalba/Documents/PROGRAMACION/BLOCKCHAIN_DEV/SOLIDITY/SECURITY/AUDIT/PRIVATE/Portals-local/src/V2MultiAsset/Echidna/EchidnaConfig.sol
DA:7,0
DA:8,0
DA:11,1
DA:12,2
DA:13,0
end_of_record

SF:/Users/secoalba/Documents/PROGRAMACION/BLOCKCHAIN_DEV/SOLIDITY/SECURITY/AUDIT/PRIVATE/Portals-local/src/V2MultiAsset/Echidna/EchidnaPortalV2MultiAsset.sol
DA:9,0
DA:10,0
DA:11,0
DA:14,0
DA:15,0
DA:16,0
DA:33,0
DA:34,0
DA:38,0
DA:39,0
DA:40,0
DA:43,0
DA:44,0
DA:46,0
DA:47,0
DA:49,0
DA:50,0
DA:52,0
DA:54,0
DA:63,0
DA:64,0
DA:65,0
DA:68,0
DA:69,0
DA:72,0
DA:75,0
DA:78,0
DA:79,0
DA:80,0
DA:82,0
DA:83,0
DA:87,0
DA:88,0
DA:96,0
DA:103,0
DA:105,0
DA:106,0
DA:112,0
DA:116,0
DA:117,0
DA:118,0
DA:119,0
DA:122,0
DA:123,0
DA:124,0
DA:125,0
DA:126,0
DA:129,0
DA:130,0
DA:131,0
DA:132,0
DA:135,0
DA:136,0
DA:137,0
DA:138,0
DA:142,0
DA:143,0
DA:144,0
DA:145,0
DA:146,0
DA:147,0
DA:150,0
DA:154,0
DA:155,0
DA:156,0
DA:157,0
DA:158,0
DA:159,0
DA:165,0
end_of_record

SF:/Users/secoalba/Documents/PROGRAMACION/BLOCKCHAIN_DEV/SOLIDITY/SECURITY/AUDIT/PRIVATE/Portals-local/src/V2MultiAsset/Echidna/EchidnaSetup.sol
end_of_record

SF:/Users/secoalba/Documents/PROGRAMACION/BLOCKCHAIN_DEV/SOLIDITY/SECURITY/AUDIT/PRIVATE/Portals-local/src/V2MultiAsset/Echidna/IHevm.sol
end_of_record

SF:/Users/secoalba/Documents/PROGRAMACION/BLOCKCHAIN_DEV/SOLIDITY/SECURITY/AUDIT/PRIVATE/Portals-local/src/V2MultiAsset/MintBurnToken.sol
DA:10,0
DA:11,0
DA:13,0
DA:16,0
DA:17,0
DA:21,0
DA:22,0
DA:27,0
DA:28,0
end_of_record

SF:/Users/secoalba/Documents/PROGRAMACION/BLOCKCHAIN_DEV/SOLIDITY/SECURITY/AUDIT/PRIVATE/Portals-local/src/V2MultiAsset/PortalNFT.sol
DA:12,0
DA:13,0
DA:18,0
DA:19,0
DA:20,0
DA:21,0
DA:22,0
DA:28,0
DA:39,0
DA:41,0
DA:42,0
DA:47,0
DA:48,0
DA:57,0
DA:59,0
DA:60,0
DA:62,0
DA:64,0
DA:65,0
DA:66,0
DA:69,0
DA:70,0
DA:71,0
DA:74,0
DA:75,0
DA:76,0
DA:79,0
DA:80,0
DA:84,0
DA:89,0
DA:90,0
DA:91,0
DA:92,0
DA:94,0
DA:95,0
DA:96,0
DA:97,0
DA:98,0
DA:100,0
DA:102,0
DA:107,0
DA:110,0
DA:111,0
DA:112,0
DA:116,0
DA:119,0
DA:120,0
end_of_record

SF:/Users/secoalba/Documents/PROGRAMACION/BLOCKCHAIN_DEV/SOLIDITY/SECURITY/AUDIT/PRIVATE/Portals-local/src/V2MultiAsset/PortalV2MultiAsset.sol
DA:49,63
DA:50,0
DA:59,0
DA:60,0
DA:62,0
DA:63,0
DA:65,0
DA:66,0
DA:68,0
DA:69,0
DA:71,0
DA:72,0
DA:74,0
DA:75,0
DA:78,0
DA:79,0
DA:80,0
DA:81,0
DA:82,0
DA:83,0
DA:84,0
DA:85,0
DA:86,0
DA:87,0
DA:96,0
DA:97,0
DA:98,0
DA:99,0
DA:103,0
DA:104,0
DA:107,0
DA:108,0
DA:109,0
DA:110,0
DA:112,0
DA:113,0
DA:114,0
DA:115,0
DA:116,0
DA:120,0
DA:121,0
DA:122,0
DA:132,0
DA:190,69
DA:191,13
DA:205,13
DA:213,17
DA:221,8
DA:223,64
DA:226,2
DA:227,2
DA:229,8
DA:230,11
DA:231,4
DA:232,18
DA:233,6
DA:236,11
DA:237,0
DA:242,6
DA:244,0
DA:247,0
DA:250,0
DA:251,0
DA:252,0
DA:256,9
DA:259,13
DA:260,0
DA:261,0
DA:262,1
DA:263,0
DA:264,1
DA:267,3
DA:270,4
DA:273,6
DA:274,6
DA:275,0
DA:278,24
DA:282,6
DA:283,16
DA:284,1
DA:285,1
DA:286,0
DA:287,0
DA:288,0
DA:289,0
DA:292,10
DA:293,1
DA:294,0
DA:304,0
DA:309,0
DA:311,0
DA:312,0
DA:313,0
DA:314,0
DA:315,0
DA:316,0
DA:319,0
DA:337,11
DA:341,0
DA:343,0
DA:344,0
DA:347,0
DA:351,0
DA:352,0
DA:356,0
DA:357,0
DA:358,0
DA:359,0
DA:364,0
DA:365,0
DA:369,0
DA:372,0
DA:373,0
DA:374,0
DA:377,0
DA:380,0
DA:383,0
DA:386,0
DA:389,0
DA:400,2
DA:402,0
DA:403,0
DA:409,0
DA:412,0
DA:413,0
DA:414,0
DA:416,0
DA:417,0
DA:420,0
DA:423,0
DA:426,0
DA:427,0
DA:431,0
DA:432,0
DA:433,0
DA:438,0
DA:447,0
DA:449,0
DA:450,0
DA:454,0
DA:457,0
DA:459,0
DA:462,0
DA:463,0
DA:464,0
DA:465,0
DA:466,0
DA:473,0
DA:475,0
DA:476,0
DA:480,0
DA:482,0
DA:483,0
DA:485,0
DA:488,0
DA:491,0
DA:492,0
DA:495,0
DA:498,0
DA:506,0
DA:513,0
DA:515,0
DA:518,0
DA:519,0
DA:520,0
DA:523,0
DA:526,0
DA:527,0
DA:532,0
DA:533,0
DA:534,0
DA:535,0
DA:538,0
DA:553,0
DA:558,0
DA:560,0
DA:561,0
DA:565,0
DA:566,0
DA:570,0
DA:571,0
DA:575,0
DA:578,0
DA:579,0
DA:583,0
DA:586,0
DA:587,0
DA:588,0
DA:593,0
DA:605,0
DA:610,0
DA:612,0
DA:613,0
DA:617,0
DA:618,0
DA:622,0
DA:623,0
DA:627,0
DA:630,0
DA:631,0
DA:632,0
DA:635,0
DA:638,0
DA:639,0
DA:643,0
DA:646,0
DA:647,0
DA:651,0
DA:654,0
DA:657,0
DA:660,0
DA:669,0
DA:671,0
DA:673,0
DA:674,0
DA:677,0
DA:680,0
DA:681,0
DA:682,0
DA:686,0
DA:687,0
DA:696,0
DA:698,0
DA:700,0
DA:701,0
DA:705,0
DA:706,0
DA:707,0
DA:710,0
DA:711,0
DA:712,0
DA:721,6
DA:724,0
DA:725,0
DA:731,0
DA:732,0
DA:733,0
DA:737,0
DA:740,0
DA:742,0
DA:745,0
DA:753,0
DA:758,0
DA:759,0
DA:761,0
DA:762,0
DA:766,0
DA:769,0
DA:772,0
DA:781,17
DA:786,6
DA:787,0
DA:789,5
DA:790,0
DA:794,10
DA:797,1
DA:798,1
DA:799,1
DA:802,7
DA:805,6
DA:806,13
DA:810,0
DA:813,0
DA:816,0
DA:819,0
DA:824,0
DA:826,0
DA:827,0
DA:831,0
DA:834,0
DA:835,0
DA:838,0
DA:839,0
DA:840,0
DA:841,0
DA:842,0
end_of_record

SF:/Users/secoalba/Documents/PROGRAMACION/BLOCKCHAIN_DEV/SOLIDITY/SECURITY/AUDIT/PRIVATE/Portals-local/src/V2MultiAsset/VirtualLP.sol
DA:51,52
DA:52,0
DA:58,0
DA:59,0
DA:61,0
DA:62,0
DA:64,0
DA:65,0
DA:66,0
DA:68,0
DA:70,0
DA:71,0
DA:74,0
DA:75,0
DA:76,0
DA:78,0
DA:79,0
DA:81,0
DA:89,0
DA:90,0
DA:92,0
DA:96,0
DA:97,0
DA:98,0
DA:99,0
DA:100,0
DA:101,0
DA:102,0
DA:104,0
DA:105,0
DA:106,0
DA:108,0
DA:109,0
DA:111,0
DA:112,0
DA:113,0
DA:114,0
DA:115,0
DA:117,17
DA:118,0
DA:119,0
DA:120,8
DA:122,4
DA:123,0
DA:125,0
DA:153,0
DA:154,0
DA:160,0
DA:161,0
DA:167,0
DA:168,0
DA:174,0
DA:175,0
DA:189,0
DA:194,0
DA:205,0
DA:212,0
DA:215,0
DA:216,0
DA:222,0
DA:223,0
DA:224,0
DA:226,0
DA:227,0
DA:230,0
DA:241,0
DA:244,0
DA:246,0
DA:247,0
DA:252,0
DA:254,0
DA:259,0
DA:260,0
DA:271,0
DA:275,0
DA:277,0
DA:281,0
DA:285,0
DA:289,0
DA:290,0
DA:295,0
DA:298,0
DA:299,0
DA:301,0
DA:304,0
DA:307,0
DA:311,0
DA:312,0
DA:314,0
DA:321,0
DA:323,0
DA:326,0
DA:328,0
DA:332,0
DA:333,0
DA:337,0
DA:340,0
DA:346,0
DA:348,0
DA:350,0
DA:351,0
DA:354,0
DA:355,0
DA:356,0
DA:360,0
DA:361,0
DA:365,0
DA:366,0
DA:367,0
DA:370,0
DA:378,0
DA:380,0
DA:382,0
DA:385,0
DA:388,0
DA:389,0
DA:391,0
DA:397,0
DA:399,0
DA:401,0
DA:404,0
DA:405,0
DA:409,0
DA:412,0
DA:414,0
DA:421,0
DA:422,0
DA:428,0
DA:430,0
DA:432,0
DA:433,0
DA:435,0
DA:441,0
DA:443,0
DA:444,0
DA:446,0
DA:447,0
DA:448,0
DA:455,0
DA:457,0
DA:460,0
DA:466,0
DA:467,0
DA:475,0
DA:477,0
DA:480,0
DA:488,0
DA:489,0
DA:502,0
DA:507,0
DA:509,0
DA:510,0
DA:514,0
DA:515,0
DA:519,0
DA:520,0
DA:524,0
DA:525,0
DA:526,0
DA:528,0
DA:532,0
DA:533,0
DA:537,0
DA:538,0
DA:541,0
DA:542,0
DA:544,0
DA:548,0
DA:549,0
DA:550,0
DA:551,0
DA:555,0
DA:556,0
DA:559,0
DA:560,0
DA:563,0
DA:566,0
DA:575,0
DA:577,0
DA:578,0
DA:580,0
DA:581,0
DA:585,0
DA:588,0
DA:598,0
DA:600,0
DA:601,0
DA:605,0
DA:608,0
DA:611,0
DA:614,0
DA:617,0
DA:627,0
DA:629,0
DA:630,0
DA:634,0
DA:638,0
DA:641,0
DA:644,0
DA:647,0
DA:654,0
DA:656,0
DA:658,0
DA:661,0
DA:662,0
DA:663,0
DA:666,0
DA:667,0
DA:669,0
DA:675,0
DA:679,0
DA:680,0
DA:683,0
DA:687,0
DA:696,0
DA:698,0
DA:699,0
DA:703,0
DA:704,0
DA:705,0
DA:709,0
DA:712,0
DA:715,0
DA:718,0
DA:721,0
DA:731,0
DA:732,0
DA:733,0
DA:737,0
DA:740,0
DA:741,0
DA:744,0
DA:745,0
end_of_record

SF:/Users/secoalba/Documents/PROGRAMACION/BLOCKCHAIN_DEV/SOLIDITY/SECURITY/AUDIT/PRIVATE/Portals-local/src/V2MultiAsset/interfaces/IDualStaking.sol
end_of_record

SF:/Users/secoalba/Documents/PROGRAMACION/BLOCKCHAIN_DEV/SOLIDITY/SECURITY/AUDIT/PRIVATE/Portals-local/src/V2MultiAsset/interfaces/IPortalV2MultiAsset.sol
end_of_record

SF:/Users/secoalba/Documents/PROGRAMACION/BLOCKCHAIN_DEV/SOLIDITY/SECURITY/AUDIT/PRIVATE/Portals-local/src/V2MultiAsset/interfaces/ISingleStaking.sol
end_of_record

SF:/Users/secoalba/Documents/PROGRAMACION/BLOCKCHAIN_DEV/SOLIDITY/SECURITY/AUDIT/PRIVATE/Portals-local/src/V2MultiAsset/interfaces/IUSDC.sol
end_of_record

SF:/Users/secoalba/Documents/PROGRAMACION/BLOCKCHAIN_DEV/SOLIDITY/SECURITY/AUDIT/PRIVATE/Portals-local/src/V2MultiAsset/interfaces/IVirtualLP.sol
end_of_record

SF:/Users/secoalba/Documents/PROGRAMACION/BLOCKCHAIN_DEV/SOLIDITY/SECURITY/AUDIT/PRIVATE/Portals-local/src/V2MultiAsset/interfaces/IWater.sol
end_of_record

SF:/Users/secoalba/Documents/PROGRAMACION/BLOCKCHAIN_DEV/SOLIDITY/SECURITY/AUDIT/PRIVATE/Portals-local/src/V2MultiAsset/interfaces/IcEther.sol
end_of_record

